<?xml version="1.0" encoding="utf-8"?>
<TestRun id="2ad7ae9b-9bb6-4a9c-b818-c93a8a628381" name="@fv-az1046-817 2025-06-19 16:26:29" xmlns="http://microsoft.com/schemas/VisualStudio/TeamTest/2010">
  <Times creation="2025-06-19T16:26:29.3304362+00:00" queuing="2025-06-19T16:26:29.3304363+00:00" start="2025-06-19T16:26:29.1775091+00:00" finish="2025-06-19T16:26:29.3313281+00:00" />
  <TestSettings name="default" id="0a59acf1-318f-41c5-8393-dc29478f5d93">
    <Deployment runDeploymentRoot="_fv-az1046-817_2025-06-19_16_26_29" />
  </TestSettings>
  <TestLists>
    <TestList name="Results Not in a List" id="8c84fa94-04c1-424b-9868-57a2d4851a1d" />
    <TestList name="All Loaded Results" id="19431567-8539-422a-85d7-44ee4e166bda" />
  </TestLists>
  <ResultSummary outcome="Failed">
    <Counters total="0" executed="0" passed="0" failed="0" error="0" timeout="0" aborted="0" inconclusive="0" passedButRunAborted="0" notRunnable="0" notExecuted="0" disconnected="0" warning="0" completed="0" inProgress="0" pending="0" />
    <RunInfos>
      <RunInfo computerName="fv-az1046-817" outcome="Error" timestamp="2025-06-19T16:26:29.2841448+00:00">
        <Text>Testhost process for source(s) '/home/runner/work/OneScript/OneScript/src/Tests/OneScript.Core.Tests/bin/Release/net6.0/OneScript.Core.Tests.dll' exited with error: You must install or update .NET to run this application.
App: /home/runner/work/OneScript/OneScript/src/Tests/OneScript.Core.Tests/bin/Release/net6.0/testhost.dll
Architecture: x64
Framework: 'Microsoft.NETCore.App', version '6.0.0' (x64)
.NET location: /usr/lib/dotnet/
The following frameworks were found:
  8.0.17 at [/usr/lib/dotnet/shared/Microsoft.NETCore.App]
Learn more:
https://aka.ms/dotnet/app-launch-failed
To install missing framework, download:
https://aka.ms/dotnet-core-applaunch?framework=Microsoft.NETCore.App&amp;framework_version=6.0.0&amp;arch=x64&amp;rid=ubuntu.24.04-x64&amp;os=ubuntu.24.04
. Please check the diagnostic logs for more information.</Text>
      </RunInfo>
    </RunInfos>
  </ResultSummary>
</TestRun>